time="2023-07-16 10:46:16" level=info msg=/Users/zhaodeng/GolandProjects/Easy-Drive/static/video/user_46d741089b85/iuIkmmQ1MPFwLXO.mp4 func=easy-drive/pkg/utils/fileUtil.MergeChunks file="/Users/zhaodeng/GolandProjects/Easy-Drive/pkg/utils/fileUtil/upload.go:117"
time="2023-07-16 10:46:16" level=info msg="文件合并完成: static/video/user_46d741089b85/iuIkmmQ1MPFwLXO.mp4" func="easy-drive/service.(*FileService).UploadFileService" file="/Users/zhaodeng/GolandProjects/Easy-Drive/service/file.go:377"
time="2023-07-16 10:46:17" level=info msg="缩略图名称: static/video/user_46d741089b85/iuIkmmQ1MPFwLXO_thumbnail.png" func="easy-drive/service.(*FileService).UploadFileService.func1" file="/Users/zhaodeng/GolandProjects/Easy-Drive/service/file.go:428"
time="2023-07-16 10:46:17" level=info msg="执行缩略图的命令: /Users/zhaodeng/opt/ffmpeg/ffmpeg -i /Users/zhaodeng/GolandProjects/Easy-Drive/static/video/user_46d741089b85/iuIkmmQ1MPFwLXO.mp4 -vf thumbnail=100:-1 -frames:v 1 /Users/zhaodeng/GolandProjects/Easy-Drive/static/video/user_46d741089b85/iuIkmmQ1MPFwLXO_thumbnail.png" func=easy-drive/pkg/utils/fileUtil.GenerateThumbnail file="/Users/zhaodeng/GolandProjects/Easy-Drive/pkg/utils/fileUtil/ffmpeg.go:42"
time="2023-07-16 10:46:18" level=info msg="将视频转换为index.ts的命令: /Users/zhaodeng/opt/ffmpeg/ffmpeg -i /Users/zhaodeng/GolandProjects/Easy-Drive/static/video/user_46d741089b85/iuIkmmQ1MPFwLXO.mp4 -c copy -bsf:v h264_mp4toannexb -f mpegts /Users/zhaodeng/GolandProjects/Easy-Drive/static/video/user_46d741089b85/iuIkmmQ1MPFwLXO/index.ts" func=easy-drive/pkg/utils/fileUtil.convertVideoToTS file="/Users/zhaodeng/GolandProjects/Easy-Drive/pkg/utils/fileUtil/ffmpeg.go:110"
time="2023-07-16 10:46:19" level=info msg="生成索引文件 index.m3u8 和切片的命令: <nil>" func=easy-drive/pkg/utils/fileUtil.generateHLSFiles file="/Users/zhaodeng/GolandProjects/Easy-Drive/pkg/utils/fileUtil/ffmpeg.go:125"
time="2023-07-16 10:47:04" level=error msg="检查文件夹名是否重复出错:dial tcp 139.155.56.240:3306: connect: operation timed out" func="easy-drive/service.(*FileService).NewFolderService" file="/Users/zhaodeng/GolandProjects/Easy-Drive/service/file.go:617"
time="2023-07-16 10:47:20" level=info msg=/Users/zhaodeng/GolandProjects/Easy-Drive/static/doc/user_46d741089b85/cmGB1UaATZba3iV.pdf func=easy-drive/pkg/utils/fileUtil.MergeChunks file="/Users/zhaodeng/GolandProjects/Easy-Drive/pkg/utils/fileUtil/upload.go:117"
time="2023-07-16 10:47:20" level=info msg="文件合并完成: static/doc/user_46d741089b85/cmGB1UaATZba3iV.pdf" func="easy-drive/service.(*FileService).UploadFileService" file="/Users/zhaodeng/GolandProjects/Easy-Drive/service/file.go:377"
time="2023-07-16 10:47:36" level=info msg=/Users/zhaodeng/GolandProjects/Easy-Drive/static/doc/user_46d741089b85/T2mx97r4CBRj4Rc.pdf func=easy-drive/pkg/utils/fileUtil.MergeChunks file="/Users/zhaodeng/GolandProjects/Easy-Drive/pkg/utils/fileUtil/upload.go:117"
time="2023-07-16 10:47:36" level=info msg="文件合并完成: static/doc/user_46d741089b85/T2mx97r4CBRj4Rc.pdf" func="easy-drive/service.(*FileService).UploadFileService" file="/Users/zhaodeng/GolandProjects/Easy-Drive/service/file.go:377"
time="2023-07-16 15:13:02" level=info msg="&{{128 2023-07-16 10:47:20 +0800 CST 2023-07-16 10:47:20 +0800 CST {0001-01-01 00:00:00 +0000 UTC false}} 6V0fDKqGdArtEVH 46d741089b85 d9718fe2cc7dac5a643ae5472a21e0a0 qoyKYNGfaiObIbB 24 测试文件.txt  static/doc/user_46d741089b85/6V0fDKqGdArtEVH.txt false 4 7 2 2 <nil>}" func=easy-drive/service.findAllSubFiles file="/Users/zhaodeng/GolandProjects/Easy-Drive/service/share.go:949"
time="2023-07-16 15:13:02" level=info msg="&{{129 2023-07-16 10:47:21 +0800 CST 2023-07-16 10:47:21 +0800 CST {0001-01-01 00:00:00 +0000 UTC false}} cmGB1UaATZba3iV 46d741089b85 c5d828a3f2d16e8b22b47c8ac6eddec7 qoyKYNGfaiObIbB 12212707 2106.13008.pdf  static/doc/user_46d741089b85/cmGB1UaATZba3iV.pdf false 4 4 2 2 <nil>}" func=easy-drive/service.findAllSubFiles file="/Users/zhaodeng/GolandProjects/Easy-Drive/service/share.go:949"
time="2023-07-16 15:13:02" level=info msg="&{{130 2023-07-16 10:47:37 +0800 CST 2023-07-16 10:47:37 +0800 CST {0001-01-01 00:00:00 +0000 UTC false}} T2mx97r4CBRj4Rc 46d741089b85 2a4ecab003856c70a21c808e96cdf25c qoyKYNGfaiObIbB 273615138 9787111621836Go程序员面试 算法宝典 14629159.pdf  static/doc/user_46d741089b85/T2mx97r4CBRj4Rc.pdf false 4 4 2 2 <nil>}" func=easy-drive/service.findAllSubFiles file="/Users/zhaodeng/GolandProjects/Easy-Drive/service/share.go:949"
time="2023-07-16 15:13:02" level=info msg=1 func="easy-drive/service.(*ShareService).SaveShareService" file="/Users/zhaodeng/GolandProjects/Easy-Drive/service/share.go:928"
time="2023-07-16 15:19:27" level=info msg=4 func="easy-drive/service.(*ShareService).SaveShareService" file="/Users/zhaodeng/GolandProjects/Easy-Drive/service/share.go:930"
time="2023-07-16 15:24:06" level=info msg=1 func="easy-drive/service.(*ShareService).SaveShareService" file="/Users/zhaodeng/GolandProjects/Easy-Drive/service/share.go:929"
time="2023-07-16 15:28:01" level=info msg=1 func="easy-drive/service.(*ShareService).SaveShareService" file="/Users/zhaodeng/GolandProjects/Easy-Drive/service/share.go:929"
time="2023-07-16 15:34:16" level=info msg=/Users/zhaodeng/GolandProjects/Easy-Drive/static/doc/user_46d741089b85/XnEWJrjyK3jgBm2.pdf func=easy-drive/pkg/utils/fileUtil.MergeChunks file="/Users/zhaodeng/GolandProjects/Easy-Drive/pkg/utils/fileUtil/upload.go:117"
time="2023-07-16 15:34:16" level=info msg="文件合并完成: static/doc/user_46d741089b85/XnEWJrjyK3jgBm2.pdf" func="easy-drive/service.(*FileService).UploadFileService" file="/Users/zhaodeng/GolandProjects/Easy-Drive/service/file.go:377"
time="2023-07-16 15:34:29" level=info msg=/Users/zhaodeng/GolandProjects/Easy-Drive/static/doc/user_46d741089b85/8mnAfMErjphRvH5.pdf func=easy-drive/pkg/utils/fileUtil.MergeChunks file="/Users/zhaodeng/GolandProjects/Easy-Drive/pkg/utils/fileUtil/upload.go:117"
time="2023-07-16 15:34:30" level=info msg="文件合并完成: static/doc/user_46d741089b85/8mnAfMErjphRvH5.pdf" func="easy-drive/service.(*FileService).UploadFileService" file="/Users/zhaodeng/GolandProjects/Easy-Drive/service/file.go:377"
time="2023-07-16 15:35:04" level=info msg=1 func="easy-drive/service.(*ShareService).SaveShareService" file="/Users/zhaodeng/GolandProjects/Easy-Drive/service/share.go:929"
time="2023-07-16 15:35:14" level=info msg=1 func="easy-drive/service.(*ShareService).SaveShareService" file="/Users/zhaodeng/GolandProjects/Easy-Drive/service/share.go:929"
time="2023-07-16 15:45:00" level=info msg=/Users/zhaodeng/GolandProjects/Easy-Drive/static/video/user_4e061d78d8c4/OLZk3GUrz8PEcRg.mp4 func=easy-drive/pkg/utils/fileUtil.MergeChunks file="/Users/zhaodeng/GolandProjects/Easy-Drive/pkg/utils/fileUtil/upload.go:117"
time="2023-07-16 15:45:00" level=info msg="文件合并完成: static/video/user_4e061d78d8c4/OLZk3GUrz8PEcRg.mp4" func="easy-drive/service.(*FileService).UploadFileService" file="/Users/zhaodeng/GolandProjects/Easy-Drive/service/file.go:377"
time="2023-07-16 15:45:01" level=info msg="缩略图名称: static/video/user_4e061d78d8c4/OLZk3GUrz8PEcRg_thumbnail.png" func="easy-drive/service.(*FileService).UploadFileService.func1" file="/Users/zhaodeng/GolandProjects/Easy-Drive/service/file.go:428"
time="2023-07-16 15:45:01" level=info msg="执行缩略图的命令: /Users/zhaodeng/opt/ffmpeg/ffmpeg -i /Users/zhaodeng/GolandProjects/Easy-Drive/static/video/user_4e061d78d8c4/OLZk3GUrz8PEcRg.mp4 -vf thumbnail=100:-1 -frames:v 1 /Users/zhaodeng/GolandProjects/Easy-Drive/static/video/user_4e061d78d8c4/OLZk3GUrz8PEcRg_thumbnail.png" func=easy-drive/pkg/utils/fileUtil.GenerateThumbnail file="/Users/zhaodeng/GolandProjects/Easy-Drive/pkg/utils/fileUtil/ffmpeg.go:42"
time="2023-07-16 15:45:03" level=info msg="将视频转换为index.ts的命令: /Users/zhaodeng/opt/ffmpeg/ffmpeg -i /Users/zhaodeng/GolandProjects/Easy-Drive/static/video/user_4e061d78d8c4/OLZk3GUrz8PEcRg.mp4 -c copy -bsf:v h264_mp4toannexb -f mpegts /Users/zhaodeng/GolandProjects/Easy-Drive/static/video/user_4e061d78d8c4/OLZk3GUrz8PEcRg/index.ts" func=easy-drive/pkg/utils/fileUtil.convertVideoToTS file="/Users/zhaodeng/GolandProjects/Easy-Drive/pkg/utils/fileUtil/ffmpeg.go:110"
time="2023-07-16 15:45:03" level=info msg="生成索引文件 index.m3u8 和切片的命令: <nil>" func=easy-drive/pkg/utils/fileUtil.generateHLSFiles file="/Users/zhaodeng/GolandProjects/Easy-Drive/pkg/utils/fileUtil/ffmpeg.go:125"
