time="2023-07-02 08:17:57" level=info msg=/Users/zhaodeng/GolandProjects/Easy-Drive/static/video/user_e1d2ec4de64d/YF8uWKOcBYKmCrQ.mp4 func=easy-drive/pkg/utils/fileUtil.MergeChunks file="/Users/zhaodeng/GolandProjects/Easy-Drive/pkg/utils/fileUtil/upload.go:116"
time="2023-07-02 08:17:57" level=info msg="文件合并完成: static/video/user_e1d2ec4de64d/YF8uWKOcBYKmCrQ.mp4" func="easy-drive/service.(*FileService).UploadFileService" file="/Users/zhaodeng/GolandProjects/Easy-Drive/service/file.go:349"
time="2023-07-02 08:17:57" level=info msg="缩略图名称: static/video/user_e1d2ec4de64d/YF8uWKOcBYKmCrQ_thumbnail.png" func="easy-drive/service.(*FileService).UploadFileService.func1" file="/Users/zhaodeng/GolandProjects/Easy-Drive/service/file.go:400"
time="2023-07-02 08:17:57" level=info msg="执行缩略图的命令: /Users/zhaodeng/opt/ffmpeg/ffmpeg -i /Users/zhaodeng/GolandProjects/Easy-Drive/static/video/user_e1d2ec4de64d/YF8uWKOcBYKmCrQ.mp4 -vf thumbnail=100:-1 -frames:v 1 /Users/zhaodeng/GolandProjects/Easy-Drive/static/video/user_e1d2ec4de64d/YF8uWKOcBYKmCrQ_thumbnail.png" func=easy-drive/pkg/utils/fileUtil.GenerateThumbnail file="/Users/zhaodeng/GolandProjects/Easy-Drive/pkg/utils/fileUtil/ffmpeg.go:42"
time="2023-07-02 08:17:58" level=info msg="将视频转换为index.ts的命令: /Users/zhaodeng/opt/ffmpeg/ffmpeg -i /Users/zhaodeng/GolandProjects/Easy-Drive/static/video/user_e1d2ec4de64d/YF8uWKOcBYKmCrQ.mp4 -c copy -bsf:v h264_mp4toannexb -f mpegts /Users/zhaodeng/GolandProjects/Easy-Drive/static/video/user_e1d2ec4de64d/YF8uWKOcBYKmCrQ/index.ts" func=easy-drive/pkg/utils/fileUtil.convertVideoToTS file="/Users/zhaodeng/GolandProjects/Easy-Drive/pkg/utils/fileUtil/ffmpeg.go:110"
time="2023-07-02 08:17:59" level=info msg="生成索引文件 index.m3u8 和切片的命令: <nil>" func=easy-drive/pkg/utils/fileUtil.generateHLSFiles file="/Users/zhaodeng/GolandProjects/Easy-Drive/pkg/utils/fileUtil/ffmpeg.go:125"
time="2023-07-02 08:18:07" level=info msg="index文件地址： /Users/zhaodeng/GolandProjects/Easy-Drive/static/video/user_e1d2ec4de64d/YF8uWKOcBYKmCrQ/index.m3u8" func="easy-drive/service.(*FileService).GetVideoInfoService" file="/Users/zhaodeng/GolandProjects/Easy-Drive/service/file.go:482"
time="2023-07-02 08:18:07" level=info msg="视频分块地址： /Users/zhaodeng/GolandProjects/Easy-Drive/static/video/user_e1d2ec4de64d/YF8uWKOcBYKmCrQ/YF8uWKOcBYKmCrQ_0.ts" func="easy-drive/service.(*FileService).GetVideoInfoService" file="/Users/zhaodeng/GolandProjects/Easy-Drive/service/file.go:479"
time="2023-07-02 08:18:08" level=info msg="视频分块地址： /Users/zhaodeng/GolandProjects/Easy-Drive/static/video/user_e1d2ec4de64d/YF8uWKOcBYKmCrQ/YF8uWKOcBYKmCrQ_1.ts" func="easy-drive/service.(*FileService).GetVideoInfoService" file="/Users/zhaodeng/GolandProjects/Easy-Drive/service/file.go:479"
time="2023-07-02 08:18:12" level=info msg="视频分块地址： /Users/zhaodeng/GolandProjects/Easy-Drive/static/video/user_e1d2ec4de64d/YF8uWKOcBYKmCrQ/YF8uWKOcBYKmCrQ_2.ts" func="easy-drive/service.(*FileService).GetVideoInfoService" file="/Users/zhaodeng/GolandProjects/Easy-Drive/service/file.go:479"
time="2023-07-02 08:45:34" level=info msg=all func="easy-drive/service.(*FileService).LoadDataService" file="/Users/zhaodeng/GolandProjects/Easy-Drive/service/file.go:84"
time="2023-07-02 08:45:34" level=info msg=0 func="easy-drive/service.(*FileService).LoadDataService" file="/Users/zhaodeng/GolandProjects/Easy-Drive/service/file.go:85"
time="2023-07-02 08:45:34" level=info msg=15 func="easy-drive/service.(*FileService).LoadDataService" file="/Users/zhaodeng/GolandProjects/Easy-Drive/service/file.go:86"
time="2023-07-02 08:45:51" level=info msg=all func="easy-drive/service.(*FileService).LoadDataService" file="/Users/zhaodeng/GolandProjects/Easy-Drive/service/file.go:84"
time="2023-07-02 08:45:51" level=info msg=0 func="easy-drive/service.(*FileService).LoadDataService" file="/Users/zhaodeng/GolandProjects/Easy-Drive/service/file.go:85"
time="2023-07-02 08:45:51" level=info msg=15 func="easy-drive/service.(*FileService).LoadDataService" file="/Users/zhaodeng/GolandProjects/Easy-Drive/service/file.go:86"
time="2023-07-02 08:46:05" level=info msg=all func="easy-drive/service.(*FileService).LoadDataService" file="/Users/zhaodeng/GolandProjects/Easy-Drive/service/file.go:84"
time="2023-07-02 08:46:05" level=info msg=0 func="easy-drive/service.(*FileService).LoadDataService" file="/Users/zhaodeng/GolandProjects/Easy-Drive/service/file.go:85"
time="2023-07-02 08:46:05" level=info msg=15 func="easy-drive/service.(*FileService).LoadDataService" file="/Users/zhaodeng/GolandProjects/Easy-Drive/service/file.go:86"
time="2023-07-02 08:46:22" level=info msg=/Users/zhaodeng/GolandProjects/Easy-Drive/static/video/user_e1d2ec4de64d/Jfc3Q0z6aVvYpIO.mp4 func=easy-drive/pkg/utils/fileUtil.MergeChunks file="/Users/zhaodeng/GolandProjects/Easy-Drive/pkg/utils/fileUtil/upload.go:116"
time="2023-07-02 08:46:22" level=info msg="文件合并完成: static/video/user_e1d2ec4de64d/Jfc3Q0z6aVvYpIO.mp4" func="easy-drive/service.(*FileService).UploadFileService" file="/Users/zhaodeng/GolandProjects/Easy-Drive/service/file.go:353"
time="2023-07-02 08:46:23" level=info msg="缩略图名称: static/video/user_e1d2ec4de64d/Jfc3Q0z6aVvYpIO_thumbnail.png" func="easy-drive/service.(*FileService).UploadFileService.func1" file="/Users/zhaodeng/GolandProjects/Easy-Drive/service/file.go:404"
time="2023-07-02 08:46:23" level=info msg="执行缩略图的命令: /Users/zhaodeng/opt/ffmpeg/ffmpeg -i /Users/zhaodeng/GolandProjects/Easy-Drive/static/video/user_e1d2ec4de64d/Jfc3Q0z6aVvYpIO.mp4 -vf thumbnail=100:-1 -frames:v 1 /Users/zhaodeng/GolandProjects/Easy-Drive/static/video/user_e1d2ec4de64d/Jfc3Q0z6aVvYpIO_thumbnail.png" func=easy-drive/pkg/utils/fileUtil.GenerateThumbnail file="/Users/zhaodeng/GolandProjects/Easy-Drive/pkg/utils/fileUtil/ffmpeg.go:42"
time="2023-07-02 08:46:23" level=info msg=all func="easy-drive/service.(*FileService).LoadDataService" file="/Users/zhaodeng/GolandProjects/Easy-Drive/service/file.go:84"
time="2023-07-02 08:46:23" level=info msg=0 func="easy-drive/service.(*FileService).LoadDataService" file="/Users/zhaodeng/GolandProjects/Easy-Drive/service/file.go:85"
time="2023-07-02 08:46:23" level=info msg=15 func="easy-drive/service.(*FileService).LoadDataService" file="/Users/zhaodeng/GolandProjects/Easy-Drive/service/file.go:86"
time="2023-07-02 08:46:24" level=info msg="将视频转换为index.ts的命令: /Users/zhaodeng/opt/ffmpeg/ffmpeg -i /Users/zhaodeng/GolandProjects/Easy-Drive/static/video/user_e1d2ec4de64d/Jfc3Q0z6aVvYpIO.mp4 -c copy -bsf:v h264_mp4toannexb -f mpegts /Users/zhaodeng/GolandProjects/Easy-Drive/static/video/user_e1d2ec4de64d/Jfc3Q0z6aVvYpIO/index.ts" func=easy-drive/pkg/utils/fileUtil.convertVideoToTS file="/Users/zhaodeng/GolandProjects/Easy-Drive/pkg/utils/fileUtil/ffmpeg.go:110"
time="2023-07-02 08:46:25" level=info msg="生成索引文件 index.m3u8 和切片的命令: <nil>" func=easy-drive/pkg/utils/fileUtil.generateHLSFiles file="/Users/zhaodeng/GolandProjects/Easy-Drive/pkg/utils/fileUtil/ffmpeg.go:125"
time="2023-07-02 08:46:31" level=info msg=/Users/zhaodeng/GolandProjects/Easy-Drive/static/video/user_e1d2ec4de64d/HrybhFfslwpHgVv.mp4 func=easy-drive/pkg/utils/fileUtil.MergeChunks file="/Users/zhaodeng/GolandProjects/Easy-Drive/pkg/utils/fileUtil/upload.go:116"
time="2023-07-02 08:46:31" level=info msg="文件合并完成: static/video/user_e1d2ec4de64d/HrybhFfslwpHgVv.mp4" func="easy-drive/service.(*FileService).UploadFileService" file="/Users/zhaodeng/GolandProjects/Easy-Drive/service/file.go:353"
time="2023-07-02 08:46:31" level=info msg="缩略图名称: static/video/user_e1d2ec4de64d/HrybhFfslwpHgVv_thumbnail.png" func="easy-drive/service.(*FileService).UploadFileService.func1" file="/Users/zhaodeng/GolandProjects/Easy-Drive/service/file.go:404"
time="2023-07-02 08:46:31" level=info msg="执行缩略图的命令: /Users/zhaodeng/opt/ffmpeg/ffmpeg -i /Users/zhaodeng/GolandProjects/Easy-Drive/static/video/user_e1d2ec4de64d/HrybhFfslwpHgVv.mp4 -vf thumbnail=100:-1 -frames:v 1 /Users/zhaodeng/GolandProjects/Easy-Drive/static/video/user_e1d2ec4de64d/HrybhFfslwpHgVv_thumbnail.png" func=easy-drive/pkg/utils/fileUtil.GenerateThumbnail file="/Users/zhaodeng/GolandProjects/Easy-Drive/pkg/utils/fileUtil/ffmpeg.go:42"
time="2023-07-02 08:46:31" level=info msg=all func="easy-drive/service.(*FileService).LoadDataService" file="/Users/zhaodeng/GolandProjects/Easy-Drive/service/file.go:84"
time="2023-07-02 08:46:31" level=info msg=0 func="easy-drive/service.(*FileService).LoadDataService" file="/Users/zhaodeng/GolandProjects/Easy-Drive/service/file.go:85"
time="2023-07-02 08:46:31" level=info msg=15 func="easy-drive/service.(*FileService).LoadDataService" file="/Users/zhaodeng/GolandProjects/Easy-Drive/service/file.go:86"
time="2023-07-02 08:46:31" level=info msg="将视频转换为index.ts的命令: /Users/zhaodeng/opt/ffmpeg/ffmpeg -i /Users/zhaodeng/GolandProjects/Easy-Drive/static/video/user_e1d2ec4de64d/HrybhFfslwpHgVv.mp4 -c copy -bsf:v h264_mp4toannexb -f mpegts /Users/zhaodeng/GolandProjects/Easy-Drive/static/video/user_e1d2ec4de64d/HrybhFfslwpHgVv/index.ts" func=easy-drive/pkg/utils/fileUtil.convertVideoToTS file="/Users/zhaodeng/GolandProjects/Easy-Drive/pkg/utils/fileUtil/ffmpeg.go:110"
time="2023-07-02 08:46:32" level=info msg="生成索引文件 index.m3u8 和切片的命令: <nil>" func=easy-drive/pkg/utils/fileUtil.generateHLSFiles file="/Users/zhaodeng/GolandProjects/Easy-Drive/pkg/utils/fileUtil/ffmpeg.go:125"
time="2023-07-02 08:46:37" level=info msg=all func="easy-drive/service.(*FileService).LoadDataService" file="/Users/zhaodeng/GolandProjects/Easy-Drive/service/file.go:84"
time="2023-07-02 08:46:37" level=info msg=0 func="easy-drive/service.(*FileService).LoadDataService" file="/Users/zhaodeng/GolandProjects/Easy-Drive/service/file.go:85"
time="2023-07-02 08:46:37" level=info msg=15 func="easy-drive/service.(*FileService).LoadDataService" file="/Users/zhaodeng/GolandProjects/Easy-Drive/service/file.go:86"
time="2023-07-02 08:46:43" level=info msg=all func="easy-drive/service.(*FileService).LoadDataService" file="/Users/zhaodeng/GolandProjects/Easy-Drive/service/file.go:84"
time="2023-07-02 08:46:43" level=info msg=0 func="easy-drive/service.(*FileService).LoadDataService" file="/Users/zhaodeng/GolandProjects/Easy-Drive/service/file.go:85"
time="2023-07-02 08:46:43" level=info msg=15 func="easy-drive/service.(*FileService).LoadDataService" file="/Users/zhaodeng/GolandProjects/Easy-Drive/service/file.go:86"
time="2023-07-02 08:46:50" level=info msg=all func="easy-drive/service.(*FileService).LoadDataService" file="/Users/zhaodeng/GolandProjects/Easy-Drive/service/file.go:84"
time="2023-07-02 08:46:50" level=info msg=0 func="easy-drive/service.(*FileService).LoadDataService" file="/Users/zhaodeng/GolandProjects/Easy-Drive/service/file.go:85"
time="2023-07-02 08:46:50" level=info msg=15 func="easy-drive/service.(*FileService).LoadDataService" file="/Users/zhaodeng/GolandProjects/Easy-Drive/service/file.go:86"
time="2023-07-02 08:59:10" level=info msg=all func="easy-drive/service.(*FileService).LoadDataService" file="/Users/zhaodeng/GolandProjects/Easy-Drive/service/file.go:84"
time="2023-07-02 08:59:10" level=info msg=0 func="easy-drive/service.(*FileService).LoadDataService" file="/Users/zhaodeng/GolandProjects/Easy-Drive/service/file.go:85"
time="2023-07-02 08:59:10" level=info msg=15 func="easy-drive/service.(*FileService).LoadDataService" file="/Users/zhaodeng/GolandProjects/Easy-Drive/service/file.go:86"
time="2023-07-02 08:59:18" level=info msg=all func="easy-drive/service.(*FileService).LoadDataService" file="/Users/zhaodeng/GolandProjects/Easy-Drive/service/file.go:84"
time="2023-07-02 08:59:18" level=info msg=0 func="easy-drive/service.(*FileService).LoadDataService" file="/Users/zhaodeng/GolandProjects/Easy-Drive/service/file.go:85"
time="2023-07-02 08:59:18" level=info msg=15 func="easy-drive/service.(*FileService).LoadDataService" file="/Users/zhaodeng/GolandProjects/Easy-Drive/service/file.go:86"
time="2023-07-02 08:59:25" level=info msg=/Users/zhaodeng/GolandProjects/Easy-Drive/static/doc/user_e1d2ec4de64d/aufpQA64SmIJbMo.pdf func=easy-drive/pkg/utils/fileUtil.MergeChunks file="/Users/zhaodeng/GolandProjects/Easy-Drive/pkg/utils/fileUtil/upload.go:116"
time="2023-07-02 08:59:25" level=info msg="文件合并完成: static/doc/user_e1d2ec4de64d/aufpQA64SmIJbMo.pdf" func="easy-drive/service.(*FileService).UploadFileService" file="/Users/zhaodeng/GolandProjects/Easy-Drive/service/file.go:353"
time="2023-07-02 08:59:26" level=info msg=all func="easy-drive/service.(*FileService).LoadDataService" file="/Users/zhaodeng/GolandProjects/Easy-Drive/service/file.go:84"
time="2023-07-02 08:59:26" level=info msg=0 func="easy-drive/service.(*FileService).LoadDataService" file="/Users/zhaodeng/GolandProjects/Easy-Drive/service/file.go:85"
time="2023-07-02 08:59:26" level=info msg=15 func="easy-drive/service.(*FileService).LoadDataService" file="/Users/zhaodeng/GolandProjects/Easy-Drive/service/file.go:86"
time="2023-07-02 08:59:37" level=info msg=all func="easy-drive/service.(*FileService).LoadDataService" file="/Users/zhaodeng/GolandProjects/Easy-Drive/service/file.go:84"
time="2023-07-02 08:59:37" level=info msg=0 func="easy-drive/service.(*FileService).LoadDataService" file="/Users/zhaodeng/GolandProjects/Easy-Drive/service/file.go:85"
time="2023-07-02 08:59:37" level=info msg=15 func="easy-drive/service.(*FileService).LoadDataService" file="/Users/zhaodeng/GolandProjects/Easy-Drive/service/file.go:86"
time="2023-07-02 08:59:47" level=info msg=all func="easy-drive/service.(*FileService).LoadDataService" file="/Users/zhaodeng/GolandProjects/Easy-Drive/service/file.go:84"
time="2023-07-02 08:59:47" level=info msg=0 func="easy-drive/service.(*FileService).LoadDataService" file="/Users/zhaodeng/GolandProjects/Easy-Drive/service/file.go:85"
time="2023-07-02 08:59:47" level=info msg=15 func="easy-drive/service.(*FileService).LoadDataService" file="/Users/zhaodeng/GolandProjects/Easy-Drive/service/file.go:86"
time="2023-07-02 08:59:56" level=info msg=doc func="easy-drive/service.(*FileService).LoadDataService" file="/Users/zhaodeng/GolandProjects/Easy-Drive/service/file.go:84"
time="2023-07-02 08:59:56" level=info msg=0 func="easy-drive/service.(*FileService).LoadDataService" file="/Users/zhaodeng/GolandProjects/Easy-Drive/service/file.go:85"
time="2023-07-02 08:59:56" level=info msg=15 func="easy-drive/service.(*FileService).LoadDataService" file="/Users/zhaodeng/GolandProjects/Easy-Drive/service/file.go:86"
time="2023-07-02 09:04:43" level=info msg=image func="easy-drive/service.(*FileService).LoadDataService" file="/Users/zhaodeng/GolandProjects/Easy-Drive/service/file.go:84"
time="2023-07-02 09:04:43" level=info msg=0 func="easy-drive/service.(*FileService).LoadDataService" file="/Users/zhaodeng/GolandProjects/Easy-Drive/service/file.go:85"
time="2023-07-02 09:04:43" level=info msg=15 func="easy-drive/service.(*FileService).LoadDataService" file="/Users/zhaodeng/GolandProjects/Easy-Drive/service/file.go:86"
time="2023-07-02 09:04:44" level=info msg=doc func="easy-drive/service.(*FileService).LoadDataService" file="/Users/zhaodeng/GolandProjects/Easy-Drive/service/file.go:84"
time="2023-07-02 09:04:44" level=info msg=0 func="easy-drive/service.(*FileService).LoadDataService" file="/Users/zhaodeng/GolandProjects/Easy-Drive/service/file.go:85"
time="2023-07-02 09:04:44" level=info msg=15 func="easy-drive/service.(*FileService).LoadDataService" file="/Users/zhaodeng/GolandProjects/Easy-Drive/service/file.go:86"
time="2023-07-02 09:11:51" level=info msg=/Users/zhaodeng/GolandProjects/Easy-Drive/static/video/user_e1d2ec4de64d/sXF6jUoh0UhOStD.mp4 func=easy-drive/pkg/utils/fileUtil.MergeChunks file="/Users/zhaodeng/GolandProjects/Easy-Drive/pkg/utils/fileUtil/upload.go:116"
time="2023-07-02 09:11:51" level=info msg="文件合并完成: static/video/user_e1d2ec4de64d/sXF6jUoh0UhOStD.mp4" func="easy-drive/service.(*FileService).UploadFileService" file="/Users/zhaodeng/GolandProjects/Easy-Drive/service/file.go:354"
time="2023-07-02 09:11:51" level=info msg="缩略图名称: static/video/user_e1d2ec4de64d/sXF6jUoh0UhOStD_thumbnail.png" func="easy-drive/service.(*FileService).UploadFileService.func1" file="/Users/zhaodeng/GolandProjects/Easy-Drive/service/file.go:405"
time="2023-07-02 09:11:51" level=info msg="执行缩略图的命令: /Users/zhaodeng/opt/ffmpeg/ffmpeg -i /Users/zhaodeng/GolandProjects/Easy-Drive/static/video/user_e1d2ec4de64d/sXF6jUoh0UhOStD.mp4 -vf thumbnail=100:-1 -frames:v 1 /Users/zhaodeng/GolandProjects/Easy-Drive/static/video/user_e1d2ec4de64d/sXF6jUoh0UhOStD_thumbnail.png" func=easy-drive/pkg/utils/fileUtil.GenerateThumbnail file="/Users/zhaodeng/GolandProjects/Easy-Drive/pkg/utils/fileUtil/ffmpeg.go:42"
time="2023-07-02 09:11:53" level=info msg="将视频转换为index.ts的命令: /Users/zhaodeng/opt/ffmpeg/ffmpeg -i /Users/zhaodeng/GolandProjects/Easy-Drive/static/video/user_e1d2ec4de64d/sXF6jUoh0UhOStD.mp4 -c copy -bsf:v h264_mp4toannexb -f mpegts /Users/zhaodeng/GolandProjects/Easy-Drive/static/video/user_e1d2ec4de64d/sXF6jUoh0UhOStD/index.ts" func=easy-drive/pkg/utils/fileUtil.convertVideoToTS file="/Users/zhaodeng/GolandProjects/Easy-Drive/pkg/utils/fileUtil/ffmpeg.go:110"
time="2023-07-02 09:11:53" level=info msg="生成索引文件 index.m3u8 和切片的命令: <nil>" func=easy-drive/pkg/utils/fileUtil.generateHLSFiles file="/Users/zhaodeng/GolandProjects/Easy-Drive/pkg/utils/fileUtil/ffmpeg.go:125"
time="2023-07-02 09:12:03" level=info msg="缩略图名称: static/imgs/user_e1d2ec4de64d/LidmAXPby9T9i2p_thumbnail.png" func="easy-drive/service.(*FileService).UploadFileService.func1" file="/Users/zhaodeng/GolandProjects/Easy-Drive/service/file.go:405"
time="2023-07-02 09:12:03" level=info msg="执行缩略图的命令: /Users/zhaodeng/opt/ffmpeg/ffmpeg -i /Users/zhaodeng/GolandProjects/Easy-Drive/static/imgs/user_e1d2ec4de64d/LidmAXPby9T9i2p.png -vf scale=100:-1 -frames:v 1 /Users/zhaodeng/GolandProjects/Easy-Drive/static/imgs/user_e1d2ec4de64d/LidmAXPby9T9i2p_thumbnail.png" func=easy-drive/pkg/utils/fileUtil.GenerateThumbnail file="/Users/zhaodeng/GolandProjects/Easy-Drive/pkg/utils/fileUtil/ffmpeg.go:42"
time="2023-07-02 09:12:14" level=info msg="缩略图名称: static/imgs/user_e1d2ec4de64d/zH0fI7kdP37RQ3U_thumbnail.png" func="easy-drive/service.(*FileService).UploadFileService.func1" file="/Users/zhaodeng/GolandProjects/Easy-Drive/service/file.go:405"
time="2023-07-02 09:12:14" level=info msg="执行缩略图的命令: /Users/zhaodeng/opt/ffmpeg/ffmpeg -i /Users/zhaodeng/GolandProjects/Easy-Drive/static/imgs/user_e1d2ec4de64d/zH0fI7kdP37RQ3U.png -vf scale=100:-1 -frames:v 1 /Users/zhaodeng/GolandProjects/Easy-Drive/static/imgs/user_e1d2ec4de64d/zH0fI7kdP37RQ3U_thumbnail.png" func=easy-drive/pkg/utils/fileUtil.GenerateThumbnail file="/Users/zhaodeng/GolandProjects/Easy-Drive/pkg/utils/fileUtil/ffmpeg.go:42"
time="2023-07-02 09:12:14" level=info msg="缩略图名称: static/imgs/user_e1d2ec4de64d/L68dfCpUShg4SHW_thumbnail.png" func="easy-drive/service.(*FileService).UploadFileService.func1" file="/Users/zhaodeng/GolandProjects/Easy-Drive/service/file.go:405"
time="2023-07-02 09:12:14" level=info msg="执行缩略图的命令: /Users/zhaodeng/opt/ffmpeg/ffmpeg -i /Users/zhaodeng/GolandProjects/Easy-Drive/static/imgs/user_e1d2ec4de64d/L68dfCpUShg4SHW.jpg -vf scale=100:-1 -frames:v 1 /Users/zhaodeng/GolandProjects/Easy-Drive/static/imgs/user_e1d2ec4de64d/L68dfCpUShg4SHW_thumbnail.png" func=easy-drive/pkg/utils/fileUtil.GenerateThumbnail file="/Users/zhaodeng/GolandProjects/Easy-Drive/pkg/utils/fileUtil/ffmpeg.go:42"
time="2023-07-02 09:57:28" level=info msg=/Users/zhaodeng/GolandProjects/Easy-Drive/static/video/user_e1d2ec4de64d/0DGs5j2mKwns9cg.mp4 func=easy-drive/pkg/utils/fileUtil.MergeChunks file="/Users/zhaodeng/GolandProjects/Easy-Drive/pkg/utils/fileUtil/upload.go:117"
time="2023-07-02 09:57:28" level=info msg="文件合并完成: static/video/user_e1d2ec4de64d/0DGs5j2mKwns9cg.mp4" func="easy-drive/service.(*FileService).UploadFileService" file="/Users/zhaodeng/GolandProjects/Easy-Drive/service/file.go:371"
time="2023-07-02 09:57:29" level=info msg="缩略图名称: static/video/user_e1d2ec4de64d/0DGs5j2mKwns9cg_thumbnail.png" func="easy-drive/service.(*FileService).UploadFileService.func1" file="/Users/zhaodeng/GolandProjects/Easy-Drive/service/file.go:422"
time="2023-07-02 09:57:29" level=info msg="执行缩略图的命令: /Users/zhaodeng/opt/ffmpeg/ffmpeg -i /Users/zhaodeng/GolandProjects/Easy-Drive/static/video/user_e1d2ec4de64d/0DGs5j2mKwns9cg.mp4 -vf thumbnail=100:-1 -frames:v 1 /Users/zhaodeng/GolandProjects/Easy-Drive/static/video/user_e1d2ec4de64d/0DGs5j2mKwns9cg_thumbnail.png" func=easy-drive/pkg/utils/fileUtil.GenerateThumbnail file="/Users/zhaodeng/GolandProjects/Easy-Drive/pkg/utils/fileUtil/ffmpeg.go:42"
time="2023-07-02 09:57:30" level=info msg="将视频转换为index.ts的命令: /Users/zhaodeng/opt/ffmpeg/ffmpeg -i /Users/zhaodeng/GolandProjects/Easy-Drive/static/video/user_e1d2ec4de64d/0DGs5j2mKwns9cg.mp4 -c copy -bsf:v h264_mp4toannexb -f mpegts /Users/zhaodeng/GolandProjects/Easy-Drive/static/video/user_e1d2ec4de64d/0DGs5j2mKwns9cg/index.ts" func=easy-drive/pkg/utils/fileUtil.convertVideoToTS file="/Users/zhaodeng/GolandProjects/Easy-Drive/pkg/utils/fileUtil/ffmpeg.go:110"
time="2023-07-02 09:57:31" level=info msg="生成索引文件 index.m3u8 和切片的命令: <nil>" func=easy-drive/pkg/utils/fileUtil.generateHLSFiles file="/Users/zhaodeng/GolandProjects/Easy-Drive/pkg/utils/fileUtil/ffmpeg.go:125"
time="2023-07-02 09:57:48" level=info msg=/Users/zhaodeng/GolandProjects/Easy-Drive/static/doc/user_e1d2ec4de64d/LVBpPhfaEBLjvXO.pdf func=easy-drive/pkg/utils/fileUtil.MergeChunks file="/Users/zhaodeng/GolandProjects/Easy-Drive/pkg/utils/fileUtil/upload.go:117"
time="2023-07-02 09:57:48" level=info msg="文件合并完成: static/doc/user_e1d2ec4de64d/LVBpPhfaEBLjvXO.pdf" func="easy-drive/service.(*FileService).UploadFileService" file="/Users/zhaodeng/GolandProjects/Easy-Drive/service/file.go:371"
time="2023-07-02 10:03:14" level=info msg=/Users/zhaodeng/GolandProjects/Easy-Drive/static/video/user_e1d2ec4de64d/uf8RKZOtWx0npWn.mp4 func=easy-drive/pkg/utils/fileUtil.MergeChunks file="/Users/zhaodeng/GolandProjects/Easy-Drive/pkg/utils/fileUtil/upload.go:117"
time="2023-07-02 10:03:14" level=info msg="文件合并完成: static/video/user_e1d2ec4de64d/uf8RKZOtWx0npWn.mp4" func="easy-drive/service.(*FileService).UploadFileService" file="/Users/zhaodeng/GolandProjects/Easy-Drive/service/file.go:374"
time="2023-07-02 10:03:15" level=info msg="缩略图名称: static/video/user_e1d2ec4de64d/uf8RKZOtWx0npWn_thumbnail.png" func="easy-drive/service.(*FileService).UploadFileService.func1" file="/Users/zhaodeng/GolandProjects/Easy-Drive/service/file.go:425"
time="2023-07-02 10:03:15" level=info msg="执行缩略图的命令: /Users/zhaodeng/opt/ffmpeg/ffmpeg -i /Users/zhaodeng/GolandProjects/Easy-Drive/static/video/user_e1d2ec4de64d/uf8RKZOtWx0npWn.mp4 -vf thumbnail=100:-1 -frames:v 1 /Users/zhaodeng/GolandProjects/Easy-Drive/static/video/user_e1d2ec4de64d/uf8RKZOtWx0npWn_thumbnail.png" func=easy-drive/pkg/utils/fileUtil.GenerateThumbnail file="/Users/zhaodeng/GolandProjects/Easy-Drive/pkg/utils/fileUtil/ffmpeg.go:42"
time="2023-07-02 10:03:16" level=info msg="将视频转换为index.ts的命令: /Users/zhaodeng/opt/ffmpeg/ffmpeg -i /Users/zhaodeng/GolandProjects/Easy-Drive/static/video/user_e1d2ec4de64d/uf8RKZOtWx0npWn.mp4 -c copy -bsf:v h264_mp4toannexb -f mpegts /Users/zhaodeng/GolandProjects/Easy-Drive/static/video/user_e1d2ec4de64d/uf8RKZOtWx0npWn/index.ts" func=easy-drive/pkg/utils/fileUtil.convertVideoToTS file="/Users/zhaodeng/GolandProjects/Easy-Drive/pkg/utils/fileUtil/ffmpeg.go:110"
time="2023-07-02 10:03:16" level=info msg="生成索引文件 index.m3u8 和切片的命令: <nil>" func=easy-drive/pkg/utils/fileUtil.generateHLSFiles file="/Users/zhaodeng/GolandProjects/Easy-Drive/pkg/utils/fileUtil/ffmpeg.go:125"
time="2023-07-02 16:11:48" level=info msg=/Users/zhaodeng/GolandProjects/Easy-Drive/static/video/user_e1d2ec4de64d/CKnVSs4o9zY061v.mp4 func=easy-drive/pkg/utils/fileUtil.MergeChunks file="/Users/zhaodeng/GolandProjects/Easy-Drive/pkg/utils/fileUtil/upload.go:117"
time="2023-07-02 16:11:48" level=info msg="文件合并完成: static/video/user_e1d2ec4de64d/CKnVSs4o9zY061v.mp4" func="easy-drive/service.(*FileService).UploadFileService" file="/Users/zhaodeng/GolandProjects/Easy-Drive/service/file.go:374"
time="2023-07-02 16:11:49" level=info msg="缩略图名称: static/video/user_e1d2ec4de64d/CKnVSs4o9zY061v_thumbnail.png" func="easy-drive/service.(*FileService).UploadFileService.func1" file="/Users/zhaodeng/GolandProjects/Easy-Drive/service/file.go:425"
time="2023-07-02 16:11:49" level=info msg="执行缩略图的命令: /Users/zhaodeng/opt/ffmpeg/ffmpeg -i /Users/zhaodeng/GolandProjects/Easy-Drive/static/video/user_e1d2ec4de64d/CKnVSs4o9zY061v.mp4 -vf thumbnail=100:-1 -frames:v 1 /Users/zhaodeng/GolandProjects/Easy-Drive/static/video/user_e1d2ec4de64d/CKnVSs4o9zY061v_thumbnail.png" func=easy-drive/pkg/utils/fileUtil.GenerateThumbnail file="/Users/zhaodeng/GolandProjects/Easy-Drive/pkg/utils/fileUtil/ffmpeg.go:42"
time="2023-07-02 16:11:50" level=info msg="将视频转换为index.ts的命令: /Users/zhaodeng/opt/ffmpeg/ffmpeg -i /Users/zhaodeng/GolandProjects/Easy-Drive/static/video/user_e1d2ec4de64d/CKnVSs4o9zY061v.mp4 -c copy -bsf:v h264_mp4toannexb -f mpegts /Users/zhaodeng/GolandProjects/Easy-Drive/static/video/user_e1d2ec4de64d/CKnVSs4o9zY061v/index.ts" func=easy-drive/pkg/utils/fileUtil.convertVideoToTS file="/Users/zhaodeng/GolandProjects/Easy-Drive/pkg/utils/fileUtil/ffmpeg.go:110"
time="2023-07-02 16:11:50" level=info msg="生成索引文件 index.m3u8 和切片的命令: <nil>" func=easy-drive/pkg/utils/fileUtil.generateHLSFiles file="/Users/zhaodeng/GolandProjects/Easy-Drive/pkg/utils/fileUtil/ffmpeg.go:125"
time="2023-07-02 16:11:55" level=info msg="index文件地址： /Users/zhaodeng/GolandProjects/Easy-Drive/static/video/user_e1d2ec4de64d/CKnVSs4o9zY061v/index.m3u8" func="easy-drive/service.(*FileService).GetVideoInfoService" file="/Users/zhaodeng/GolandProjects/Easy-Drive/service/file.go:507"
time="2023-07-02 16:11:55" level=info msg="视频分块地址： /Users/zhaodeng/GolandProjects/Easy-Drive/static/video/user_e1d2ec4de64d/CKnVSs4o9zY061v/CKnVSs4o9zY061v_0.ts" func="easy-drive/service.(*FileService).GetVideoInfoService" file="/Users/zhaodeng/GolandProjects/Easy-Drive/service/file.go:504"
time="2023-07-02 16:11:55" level=info msg="视频分块地址： /Users/zhaodeng/GolandProjects/Easy-Drive/static/video/user_e1d2ec4de64d/CKnVSs4o9zY061v/CKnVSs4o9zY061v_1.ts" func="easy-drive/service.(*FileService).GetVideoInfoService" file="/Users/zhaodeng/GolandProjects/Easy-Drive/service/file.go:504"
time="2023-07-02 16:14:23" level=info msg="缩略图名称: static/imgs/user_e1d2ec4de64d/TrNJiTv4nZaZs9C_thumbnail.png" func="easy-drive/service.(*FileService).UploadFileService.func1" file="/Users/zhaodeng/GolandProjects/Easy-Drive/service/file.go:425"
time="2023-07-02 16:14:23" level=info msg="执行缩略图的命令: /Users/zhaodeng/opt/ffmpeg/ffmpeg -i /Users/zhaodeng/GolandProjects/Easy-Drive/static/imgs/user_e1d2ec4de64d/TrNJiTv4nZaZs9C.jpg -vf scale=100:-1 -frames:v 1 /Users/zhaodeng/GolandProjects/Easy-Drive/static/imgs/user_e1d2ec4de64d/TrNJiTv4nZaZs9C_thumbnail.png" func=easy-drive/pkg/utils/fileUtil.GenerateThumbnail file="/Users/zhaodeng/GolandProjects/Easy-Drive/pkg/utils/fileUtil/ffmpeg.go:42"
