time="2023-06-25 08:32:34" level=error msg="打开文件出错open : no such file or directory" func="easy-drive/service.(*FileService).UploadFileService" file="/Users/zhaodeng/GolandProjects/Easy-Drive/service/file.go:294"
time="2023-06-25 08:42:38" level=error msg="打开文件出错open : no such file or directory" func="easy-drive/service.(*FileService).UploadFileService" file="/Users/zhaodeng/GolandProjects/Easy-Drive/service/file.go:296"
time="2023-06-25 08:47:41" level=error msg="打开文件出错open : no such file or directory" func="easy-drive/service.(*FileService).UploadFileService" file="/Users/zhaodeng/GolandProjects/Easy-Drive/service/file.go:293"
time="2023-06-25 08:51:37" level=error msg="打开文件出错open : no such file or directory" func="easy-drive/service.(*FileService).UploadFileService" file="/Users/zhaodeng/GolandProjects/Easy-Drive/service/file.go:293"
time="2023-06-25 08:52:24" level=error msg="打开文件出错open : no such file or directory" func="easy-drive/service.(*FileService).UploadFileService" file="/Users/zhaodeng/GolandProjects/Easy-Drive/service/file.go:293"
time="2023-06-25 08:53:35" level=error msg="打开文件出错open : no such file or directory" func="easy-drive/service.(*FileService).UploadFileService" file="/Users/zhaodeng/GolandProjects/Easy-Drive/service/file.go:293"
time="2023-06-25 09:03:14" level=error msg="文件读入缓冲区出错:read static/imgs//d0269486716c/Snipaste_2023-06-20_19-13-07.png: bad file descriptor" func="easy-drive/service.(*FileService).UploadFileService" file="/Users/zhaodeng/GolandProjects/Easy-Drive/service/file.go:301"
time="2023-06-25 09:05:06" level=error msg="文件读入缓冲区出错:read static/imgs/d0269486716c/Snipaste_2023-06-20_19-13-07.png: bad file descriptor" func="easy-drive/service.(*FileService).UploadFileService" file="/Users/zhaodeng/GolandProjects/Easy-Drive/service/file.go:301"
time="2023-06-25 09:10:39" level=error msg="获取文件缓存出错:redis: nil" func="easy-drive/service.(*FileService).UploadFileService" file="/Users/zhaodeng/GolandProjects/Easy-Drive/service/file.go:320"
time="2023-06-25 15:47:44" level=error msg="打开文件出错open /Aoba_Suzukaze_techgo_Python_For_Beginners.png: read-only file system" func="easy-drive/service.(*FileService).UploadFileService" file="/Users/zhaodeng/GolandProjects/Easy-Drive/service/file.go:309"
time="2023-06-25 19:34:52" level=error msg="获取文件类型出错:未找到文件类型数字：png" func="easy-drive/service.(*FileService).UploadFileService" file="/Users/zhaodeng/GolandProjects/Easy-Drive/service/file.go:188"
time="2023-06-25 19:37:09" level=error msg="获取文件类型出错:未找到文件类型数字：jpg" func="easy-drive/service.(*FileService).UploadFileService" file="/Users/zhaodeng/GolandProjects/Easy-Drive/service/file.go:188"
time="2023-06-25 19:49:09" level=error msg="获取文件状态出错:stat static/video/user_d0269486716c/又辜负了一个那么喜欢我的人，呜呜呜呜～ - 001 - 又辜负了一个那么喜欢我的人，呜呜呜呜～.mp4: no such file or directory" func="easy-drive/service.(*FileService).UploadFileService" file="/Users/zhaodeng/GolandProjects/Easy-Drive/service/file.go:249"
time="2023-06-25 19:52:00" level=info msg="文件分片上传" func="easy-drive/service.(*FileService).UploadFileService" file="/Users/zhaodeng/GolandProjects/Easy-Drive/service/file.go:251"
time="2023-06-25 19:53:06" level=info msg="文件分片上传" func="easy-drive/service.(*FileService).UploadFileService" file="/Users/zhaodeng/GolandProjects/Easy-Drive/service/file.go:251"
time="2023-06-25 19:53:30" level=info msg="文件分片上传" func="easy-drive/service.(*FileService).UploadFileService" file="/Users/zhaodeng/GolandProjects/Easy-Drive/service/file.go:251"
time="2023-06-25 19:56:12" level=info msg="文件分片上传" func="easy-drive/service.(*FileService).UploadFileService" file="/Users/zhaodeng/GolandProjects/Easy-Drive/service/file.go:251"
time="2023-06-25 19:56:33" level=info msg="文件分片上传" func="easy-drive/service.(*FileService).UploadFileService" file="/Users/zhaodeng/GolandProjects/Easy-Drive/service/file.go:251"
time="2023-06-25 19:56:38" level=info msg="文件分片上传" func="easy-drive/service.(*FileService).UploadFileService" file="/Users/zhaodeng/GolandProjects/Easy-Drive/service/file.go:251"
time="2023-06-25 20:15:13" level=info msg="文件分片上传" func="easy-drive/service.(*FileService).UploadFileService" file="/Users/zhaodeng/GolandProjects/Easy-Drive/service/file.go:251"
time="2023-06-25 20:15:13" level=info msg="文件分片上传" func="easy-drive/service.(*FileService).UploadFileService" file="/Users/zhaodeng/GolandProjects/Easy-Drive/service/file.go:251"
time="2023-06-25 20:15:14" level=info msg="文件分片上传" func="easy-drive/service.(*FileService).UploadFileService" file="/Users/zhaodeng/GolandProjects/Easy-Drive/service/file.go:251"
time="2023-06-25 20:15:14" level=info msg="文件分片上传" func="easy-drive/service.(*FileService).UploadFileService" file="/Users/zhaodeng/GolandProjects/Easy-Drive/service/file.go:251"
time="2023-06-25 20:15:14" level=info msg="文件分片上传" func="easy-drive/service.(*FileService).UploadFileService" file="/Users/zhaodeng/GolandProjects/Easy-Drive/service/file.go:251"
time="2023-06-25 20:15:14" level=info msg="文件分片上传" func="easy-drive/service.(*FileService).UploadFileService" file="/Users/zhaodeng/GolandProjects/Easy-Drive/service/file.go:251"
time="2023-06-25 20:15:15" level=info msg="文件分片上传" func="easy-drive/service.(*FileService).UploadFileService" file="/Users/zhaodeng/GolandProjects/Easy-Drive/service/file.go:251"
time="2023-06-25 20:15:15" level=info msg="文件分片上传" func="easy-drive/service.(*FileService).UploadFileService" file="/Users/zhaodeng/GolandProjects/Easy-Drive/service/file.go:251"
time="2023-06-25 20:15:15" level=info msg="文件分片上传" func="easy-drive/service.(*FileService).UploadFileService" file="/Users/zhaodeng/GolandProjects/Easy-Drive/service/file.go:251"
time="2023-06-25 20:15:15" level=info msg="文件分片上传" func="easy-drive/service.(*FileService).UploadFileService" file="/Users/zhaodeng/GolandProjects/Easy-Drive/service/file.go:251"
time="2023-06-25 20:15:16" level=info msg="文件分片上传" func="easy-drive/service.(*FileService).UploadFileService" file="/Users/zhaodeng/GolandProjects/Easy-Drive/service/file.go:251"
time="2023-06-25 20:15:16" level=info msg="文件分片上传" func="easy-drive/service.(*FileService).UploadFileService" file="/Users/zhaodeng/GolandProjects/Easy-Drive/service/file.go:251"
time="2023-06-25 20:15:16" level=info msg="文件分片上传" func="easy-drive/service.(*FileService).UploadFileService" file="/Users/zhaodeng/GolandProjects/Easy-Drive/service/file.go:251"
time="2023-06-25 20:15:16" level=info msg="文件分片上传" func="easy-drive/service.(*FileService).UploadFileService" file="/Users/zhaodeng/GolandProjects/Easy-Drive/service/file.go:251"
time="2023-06-25 20:15:17" level=info msg="文件分片上传" func="easy-drive/service.(*FileService).UploadFileService" file="/Users/zhaodeng/GolandProjects/Easy-Drive/service/file.go:251"
time="2023-06-25 20:15:17" level=info msg="文件分片上传" func="easy-drive/service.(*FileService).UploadFileService" file="/Users/zhaodeng/GolandProjects/Easy-Drive/service/file.go:251"
time="2023-06-25 20:15:17" level=info msg="文件分片上传" func="easy-drive/service.(*FileService).UploadFileService" file="/Users/zhaodeng/GolandProjects/Easy-Drive/service/file.go:251"
time="2023-06-25 20:15:17" level=info msg="文件分片上传" func="easy-drive/service.(*FileService).UploadFileService" file="/Users/zhaodeng/GolandProjects/Easy-Drive/service/file.go:251"
time="2023-06-25 20:15:18" level=info msg="文件分片上传" func="easy-drive/service.(*FileService).UploadFileService" file="/Users/zhaodeng/GolandProjects/Easy-Drive/service/file.go:251"
time="2023-06-25 20:15:18" level=error msg="合并分片出错" func="easy-drive/service.(*FileService).UploadFileService" file="/Users/zhaodeng/GolandProjects/Easy-Drive/service/file.go:320"
time="2023-06-25 20:15:18" level=info msg="文件合并完成: static/video/user_d0269486716c/“世界级狙击手”EDG康康：为赢而生【无畏之心 东京大师赛】 - 001 - “世界级狙击手”EDG康康：为赢而生【无畏之心 东京大师赛】(22).mp4" func="easy-drive/service.(*FileService).UploadFileService" file="/Users/zhaodeng/GolandProjects/Easy-Drive/service/file.go:322"
time="2023-06-25 20:33:36" level=info msg="文件分片上传" func="easy-drive/service.(*FileService).UploadFileService" file="/Users/zhaodeng/GolandProjects/Easy-Drive/service/file.go:251"
time="2023-06-25 20:33:36" level=info msg="文件分片上传" func="easy-drive/service.(*FileService).UploadFileService" file="/Users/zhaodeng/GolandProjects/Easy-Drive/service/file.go:251"
time="2023-06-25 20:33:36" level=info msg="文件分片上传" func="easy-drive/service.(*FileService).UploadFileService" file="/Users/zhaodeng/GolandProjects/Easy-Drive/service/file.go:251"
time="2023-06-25 20:33:36" level=info msg="文件分片上传" func="easy-drive/service.(*FileService).UploadFileService" file="/Users/zhaodeng/GolandProjects/Easy-Drive/service/file.go:251"
time="2023-06-25 20:33:37" level=info msg="文件分片上传" func="easy-drive/service.(*FileService).UploadFileService" file="/Users/zhaodeng/GolandProjects/Easy-Drive/service/file.go:251"
time="2023-06-25 20:33:37" level=info msg="文件分片上传" func="easy-drive/service.(*FileService).UploadFileService" file="/Users/zhaodeng/GolandProjects/Easy-Drive/service/file.go:251"
time="2023-06-25 20:33:37" level=info msg="文件分片上传" func="easy-drive/service.(*FileService).UploadFileService" file="/Users/zhaodeng/GolandProjects/Easy-Drive/service/file.go:251"
time="2023-06-25 20:33:38" level=info msg="文件分片上传" func="easy-drive/service.(*FileService).UploadFileService" file="/Users/zhaodeng/GolandProjects/Easy-Drive/service/file.go:251"
time="2023-06-25 20:33:38" level=info msg="文件分片上传" func="easy-drive/service.(*FileService).UploadFileService" file="/Users/zhaodeng/GolandProjects/Easy-Drive/service/file.go:251"
time="2023-06-25 20:33:38" level=info msg="文件分片上传" func="easy-drive/service.(*FileService).UploadFileService" file="/Users/zhaodeng/GolandProjects/Easy-Drive/service/file.go:251"
time="2023-06-25 20:33:38" level=info msg="文件分片上传" func="easy-drive/service.(*FileService).UploadFileService" file="/Users/zhaodeng/GolandProjects/Easy-Drive/service/file.go:251"
time="2023-06-25 20:33:39" level=info msg="文件分片上传" func="easy-drive/service.(*FileService).UploadFileService" file="/Users/zhaodeng/GolandProjects/Easy-Drive/service/file.go:251"
time="2023-06-25 20:33:39" level=info msg="文件分片上传" func="easy-drive/service.(*FileService).UploadFileService" file="/Users/zhaodeng/GolandProjects/Easy-Drive/service/file.go:251"
time="2023-06-25 20:33:39" level=info msg="文件分片上传" func="easy-drive/service.(*FileService).UploadFileService" file="/Users/zhaodeng/GolandProjects/Easy-Drive/service/file.go:251"
time="2023-06-25 20:33:39" level=info msg="文件分片上传" func="easy-drive/service.(*FileService).UploadFileService" file="/Users/zhaodeng/GolandProjects/Easy-Drive/service/file.go:251"
time="2023-06-25 20:33:40" level=info msg="文件分片上传" func="easy-drive/service.(*FileService).UploadFileService" file="/Users/zhaodeng/GolandProjects/Easy-Drive/service/file.go:251"
time="2023-06-25 20:33:40" level=info msg="文件分片上传" func="easy-drive/service.(*FileService).UploadFileService" file="/Users/zhaodeng/GolandProjects/Easy-Drive/service/file.go:251"
time="2023-06-25 20:33:40" level=info msg="文件分片上传" func="easy-drive/service.(*FileService).UploadFileService" file="/Users/zhaodeng/GolandProjects/Easy-Drive/service/file.go:251"
time="2023-06-25 20:33:41" level=info msg="文件分片上传" func="easy-drive/service.(*FileService).UploadFileService" file="/Users/zhaodeng/GolandProjects/Easy-Drive/service/file.go:251"
time="2023-06-25 20:33:41" level=error msg="合并分片出错" func="easy-drive/service.(*FileService).UploadFileService" file="/Users/zhaodeng/GolandProjects/Easy-Drive/service/file.go:320"
time="2023-06-25 20:33:41" level=info msg="文件合并完成: static/video/user_d0269486716c/电竞视频(19).mp4" func="easy-drive/service.(*FileService).UploadFileService" file="/Users/zhaodeng/GolandProjects/Easy-Drive/service/file.go:322"
time="2023-06-25 21:05:13" level=info msg="文件分片上传" func="easy-drive/service.(*FileService).UploadFileService" file="/Users/zhaodeng/GolandProjects/Easy-Drive/service/file.go:251"
time="2023-06-25 21:05:13" level=info msg="文件分片上传" func="easy-drive/service.(*FileService).UploadFileService" file="/Users/zhaodeng/GolandProjects/Easy-Drive/service/file.go:251"
time="2023-06-25 21:05:13" level=info msg="文件分片上传" func="easy-drive/service.(*FileService).UploadFileService" file="/Users/zhaodeng/GolandProjects/Easy-Drive/service/file.go:251"
time="2023-06-25 21:05:14" level=info msg="文件分片上传" func="easy-drive/service.(*FileService).UploadFileService" file="/Users/zhaodeng/GolandProjects/Easy-Drive/service/file.go:251"
time="2023-06-25 21:05:14" level=info msg="文件分片上传" func="easy-drive/service.(*FileService).UploadFileService" file="/Users/zhaodeng/GolandProjects/Easy-Drive/service/file.go:251"
time="2023-06-25 21:05:14" level=info msg="文件分片上传" func="easy-drive/service.(*FileService).UploadFileService" file="/Users/zhaodeng/GolandProjects/Easy-Drive/service/file.go:251"
time="2023-06-25 21:05:14" level=info msg="文件分片上传" func="easy-drive/service.(*FileService).UploadFileService" file="/Users/zhaodeng/GolandProjects/Easy-Drive/service/file.go:251"
time="2023-06-25 21:05:15" level=info msg="文件分片上传" func="easy-drive/service.(*FileService).UploadFileService" file="/Users/zhaodeng/GolandProjects/Easy-Drive/service/file.go:251"
time="2023-06-25 21:05:15" level=info msg="文件分片上传" func="easy-drive/service.(*FileService).UploadFileService" file="/Users/zhaodeng/GolandProjects/Easy-Drive/service/file.go:251"
time="2023-06-25 21:05:15" level=info msg="文件分片上传" func="easy-drive/service.(*FileService).UploadFileService" file="/Users/zhaodeng/GolandProjects/Easy-Drive/service/file.go:251"
time="2023-06-25 21:05:15" level=info msg="文件分片上传" func="easy-drive/service.(*FileService).UploadFileService" file="/Users/zhaodeng/GolandProjects/Easy-Drive/service/file.go:251"
time="2023-06-25 21:05:16" level=info msg="文件分片上传" func="easy-drive/service.(*FileService).UploadFileService" file="/Users/zhaodeng/GolandProjects/Easy-Drive/service/file.go:251"
time="2023-06-25 21:05:16" level=info msg="文件分片上传" func="easy-drive/service.(*FileService).UploadFileService" file="/Users/zhaodeng/GolandProjects/Easy-Drive/service/file.go:251"
time="2023-06-25 21:05:16" level=info msg="文件分片上传" func="easy-drive/service.(*FileService).UploadFileService" file="/Users/zhaodeng/GolandProjects/Easy-Drive/service/file.go:251"
time="2023-06-25 21:05:17" level=info msg="文件分片上传" func="easy-drive/service.(*FileService).UploadFileService" file="/Users/zhaodeng/GolandProjects/Easy-Drive/service/file.go:251"
time="2023-06-25 21:05:17" level=info msg="文件分片上传" func="easy-drive/service.(*FileService).UploadFileService" file="/Users/zhaodeng/GolandProjects/Easy-Drive/service/file.go:251"
time="2023-06-25 21:05:17" level=info msg="文件分片上传" func="easy-drive/service.(*FileService).UploadFileService" file="/Users/zhaodeng/GolandProjects/Easy-Drive/service/file.go:251"
time="2023-06-25 21:05:17" level=info msg="文件分片上传" func="easy-drive/service.(*FileService).UploadFileService" file="/Users/zhaodeng/GolandProjects/Easy-Drive/service/file.go:251"
time="2023-06-25 21:05:18" level=info msg="文件分片上传" func="easy-drive/service.(*FileService).UploadFileService" file="/Users/zhaodeng/GolandProjects/Easy-Drive/service/file.go:251"
time="2023-06-25 21:05:18" level=error msg="合并分片出错" func="easy-drive/service.(*FileService).UploadFileService" file="/Users/zhaodeng/GolandProjects/Easy-Drive/service/file.go:324"
time="2023-06-25 21:05:18" level=info msg="文件合并完成: static/video/user_d0269486716c/电竞视频.mp4" func="easy-drive/service.(*FileService).UploadFileService" file="/Users/zhaodeng/GolandProjects/Easy-Drive/service/file.go:326"
time="2023-06-25 21:07:27" level=info msg="文件秒传" func="easy-drive/service.(*FileService).UploadFileService" file="/Users/zhaodeng/GolandProjects/Easy-Drive/service/file.go:204"
time="2023-06-25 21:07:27" level=info msg="秒传对象: &{{0 0001-01-01 00:00:00 +0000 UTC 0001-01-01 00:00:00 +0000 UTC {0001-01-01 00:00:00 +0000 UTC false}} kWcHiFWHMVK9cdk d0269486716c 2a888ac55b8c07dd5a18be6e03fe988a 0 0 Anya_with_python_book(1).png  static/imgs/user_d0269486716c/Anya_with_python_book.png false 2 12 2 2 <nil>}" func="easy-drive/service.(*FileService).UploadFileService" file="/Users/zhaodeng/GolandProjects/Easy-Drive/service/file.go:224"
time="2023-06-25 21:20:34" level=info msg="文件分片上传" func="easy-drive/service.(*FileService).UploadFileService" file="/Users/zhaodeng/GolandProjects/Easy-Drive/service/file.go:251"
time="2023-06-25 21:20:35" level=info msg="文件分片上传" func="easy-drive/service.(*FileService).UploadFileService" file="/Users/zhaodeng/GolandProjects/Easy-Drive/service/file.go:251"
time="2023-06-25 21:20:35" level=error msg="合并分片出错" func="easy-drive/service.(*FileService).UploadFileService" file="/Users/zhaodeng/GolandProjects/Easy-Drive/service/file.go:324"
time="2023-06-25 21:20:35" level=info msg="文件合并完成: static/video/user_d0269486716c/搞笑视频.mp4" func="easy-drive/service.(*FileService).UploadFileService" file="/Users/zhaodeng/GolandProjects/Easy-Drive/service/file.go:326"
time="2023-06-25 21:21:45" level=info msg="文件秒传" func="easy-drive/service.(*FileService).UploadFileService" file="/Users/zhaodeng/GolandProjects/Easy-Drive/service/file.go:204"
time="2023-06-25 21:21:45" level=info msg="秒传对象: &{{0 0001-01-01 00:00:00 +0000 UTC 0001-01-01 00:00:00 +0000 UTC {0001-01-01 00:00:00 +0000 UTC false}} iwrjwLepHnvov7H d0269486716c af41170c428fd47d28703b805480dc4c 0 0 电竞视频(1).mp4  static/video/user_d0269486716c/电竞视频.mp4 false 0 5 2 2 <nil>}" func="easy-drive/service.(*FileService).UploadFileService" file="/Users/zhaodeng/GolandProjects/Easy-Drive/service/file.go:224"
time="2023-06-25 21:52:42" level=info msg="文件秒传" func="easy-drive/service.(*FileService).UploadFileService" file="/Users/zhaodeng/GolandProjects/Easy-Drive/service/file.go:204"
time="2023-06-25 21:52:42" level=info msg="秒传对象: &{{0 0001-01-01 00:00:00 +0000 UTC 0001-01-01 00:00:00 +0000 UTC {0001-01-01 00:00:00 +0000 UTC false}} Qer119lEGcULc97 d0269486716c 28b39b78e1346d423da876dd0feb6798 0 0 搞笑视频(1).mp4  static/video/user_d0269486716c/搞笑视频.mp4 false 0 5 2 2 <nil>}" func="easy-drive/service.(*FileService).UploadFileService" file="/Users/zhaodeng/GolandProjects/Easy-Drive/service/file.go:224"
time="2023-06-25 21:52:48" level=info msg="文件秒传" func="easy-drive/service.(*FileService).UploadFileService" file="/Users/zhaodeng/GolandProjects/Easy-Drive/service/file.go:204"
time="2023-06-25 21:52:48" level=info msg="秒传对象: &{{0 0001-01-01 00:00:00 +0000 UTC 0001-01-01 00:00:00 +0000 UTC {0001-01-01 00:00:00 +0000 UTC false}} y8tvFYs1KSjtuZs d0269486716c af41170c428fd47d28703b805480dc4c 0 0 电竞视频(1).mp4  static/video/user_d0269486716c/电竞视频.mp4 false 0 5 2 2 <nil>}" func="easy-drive/service.(*FileService).UploadFileService" file="/Users/zhaodeng/GolandProjects/Easy-Drive/service/file.go:224"
