time="2023-06-29 08:17:24" level=info msg="/Users/zhaodeng/GolandProjects/Easy-Drive/static/video/user_15e22a5d328cb/搞笑视频.mp4" func=easy-drive/pkg/utils/fileUtil.MergeChunks file="/Users/zhaodeng/GolandProjects/Easy-Drive/pkg/utils/fileUtil/upload.go:145"
time="2023-06-29 08:17:24" level=info msg="/Users/zhaodeng/GolandProjects/Easy-Drive/static/temp/user_15e22a5d328cb/搞笑视频.mp4" func=easy-drive/pkg/utils/fileUtil.MergeChunks file="/Users/zhaodeng/GolandProjects/Easy-Drive/pkg/utils/fileUtil/upload.go:157"
time="2023-06-29 08:17:24" level=info msg="文件合并完成: static/video/user_15e22a5d328cb/搞笑视频.mp4" func="easy-drive/service.(*FileService).UploadFileService" file="/Users/zhaodeng/GolandProjects/Easy-Drive/service/file.go:326"
time="2023-06-29 08:17:25" level=info msg="缩略图名称: 搞笑视频_thumbnail.png" func="easy-drive/service.(*FileService).UploadFileService.func1" file="/Users/zhaodeng/GolandProjects/Easy-Drive/service/file.go:370"
time="2023-06-29 08:17:25" level=info msg="执行缩略图的命令: /Users/zhaodeng/opt/ffmpeg/ffmpeg -i /Users/zhaodeng/GolandProjects/Easy-Drive/static/video/user_15e22a5d328cb/搞笑视频.mp4 -vf thumbnail=100:-1 -frames:v 1 /Users/zhaodeng/GolandProjects/Easy-Drive/static/video/user_15e22a5d328cb/搞笑视频_thumbnail.png" func=easy-drive/pkg/utils/fileUtil.GenerateThumbnail file="/Users/zhaodeng/GolandProjects/Easy-Drive/pkg/utils/fileUtil/ffmpeg.go:39"
time="2023-06-29 08:17:25" level=error msg="创建视频同名目录出错:mkdir static/video/user_15e22a5d328cb/搞笑视频.mp4: file exists" func=easy-drive/pkg/utils/fileUtil.SplitVideo file="/Users/zhaodeng/GolandProjects/Easy-Drive/pkg/utils/fileUtil/ffmpeg.go:71"
time="2023-06-29 08:17:25" level=error msg="视屏切割出错:mkdir static/video/user_15e22a5d328cb/搞笑视频.mp4: file exists" func="easy-drive/service.(*FileService).UploadFileService.func1" file="/Users/zhaodeng/GolandProjects/Easy-Drive/service/file.go:384"
time="2023-06-29 08:38:41" level=info msg="/Users/zhaodeng/GolandProjects/Easy-Drive/static/video/user_15e22a5d328cb/电竞视频.mp4" func=easy-drive/pkg/utils/fileUtil.MergeChunks file="/Users/zhaodeng/GolandProjects/Easy-Drive/pkg/utils/fileUtil/upload.go:145"
time="2023-06-29 08:38:41" level=info msg="/Users/zhaodeng/GolandProjects/Easy-Drive/static/temp/user_15e22a5d328cb/电竞视频.mp4" func=easy-drive/pkg/utils/fileUtil.MergeChunks file="/Users/zhaodeng/GolandProjects/Easy-Drive/pkg/utils/fileUtil/upload.go:157"
time="2023-06-29 08:38:41" level=info msg="文件合并完成: static/video/user_15e22a5d328cb/电竞视频.mp4" func="easy-drive/service.(*FileService).UploadFileService" file="/Users/zhaodeng/GolandProjects/Easy-Drive/service/file.go:326"
time="2023-06-29 08:38:42" level=info msg="缩略图名称: 电竞视频_thumbnail.png" func="easy-drive/service.(*FileService).UploadFileService.func1" file="/Users/zhaodeng/GolandProjects/Easy-Drive/service/file.go:370"
time="2023-06-29 08:38:42" level=info msg="执行缩略图的命令: /Users/zhaodeng/opt/ffmpeg/ffmpeg -i /Users/zhaodeng/GolandProjects/Easy-Drive/static/video/user_15e22a5d328cb/电竞视频.mp4 -vf thumbnail=100:-1 -frames:v 1 /Users/zhaodeng/GolandProjects/Easy-Drive/static/video/user_15e22a5d328cb/电竞视频_thumbnail.png" func=easy-drive/pkg/utils/fileUtil.GenerateThumbnail file="/Users/zhaodeng/GolandProjects/Easy-Drive/pkg/utils/fileUtil/ffmpeg.go:39"
time="2023-06-29 08:38:42" level=info msg="将视频转换为index.ts的命令: /Users/zhaodeng/opt/ffmpeg/ffmpeg -i /Users/zhaodeng/GolandProjects/Easy-Drive/static/video/user_15e22a5d328cb/电竞视频.mp4 -c copy -bsf:v h264_mp4toannexb -f mpegts /Users/zhaodeng/GolandProjects/Easy-Drive/static/video/user_15e22a5d328cb/电竞视频/index.ts" func=easy-drive/pkg/utils/fileUtil.convertVideoToTS file="/Users/zhaodeng/GolandProjects/Easy-Drive/pkg/utils/fileUtil/ffmpeg.go:99"
time="2023-06-29 08:38:43" level=info msg="生成索引文件 index.m3u8 和切片的命令: <nil>" func=easy-drive/pkg/utils/fileUtil.generateHLSFiles file="/Users/zhaodeng/GolandProjects/Easy-Drive/pkg/utils/fileUtil/ffmpeg.go:114"
time="2023-06-29 08:43:55" level=info msg="/Users/zhaodeng/GolandProjects/Easy-Drive/static/video/user_15e22a5d328cb/电竞视频.mp4" func=easy-drive/pkg/utils/fileUtil.MergeChunks file="/Users/zhaodeng/GolandProjects/Easy-Drive/pkg/utils/fileUtil/upload.go:145"
time="2023-06-29 08:43:55" level=info msg="/Users/zhaodeng/GolandProjects/Easy-Drive/static/temp/user_15e22a5d328cb/电竞视频.mp4" func=easy-drive/pkg/utils/fileUtil.MergeChunks file="/Users/zhaodeng/GolandProjects/Easy-Drive/pkg/utils/fileUtil/upload.go:157"
time="2023-06-29 08:43:55" level=info msg="文件合并完成: static/video/user_15e22a5d328cb/电竞视频.mp4" func="easy-drive/service.(*FileService).UploadFileService" file="/Users/zhaodeng/GolandProjects/Easy-Drive/service/file.go:326"
time="2023-06-29 08:43:55" level=info msg="缩略图名称: 电竞视频_thumbnail.png" func="easy-drive/service.(*FileService).UploadFileService.func1" file="/Users/zhaodeng/GolandProjects/Easy-Drive/service/file.go:370"
time="2023-06-29 08:43:55" level=info msg="执行缩略图的命令: /Users/zhaodeng/opt/ffmpeg/ffmpeg -i /Users/zhaodeng/GolandProjects/Easy-Drive/static/video/user_15e22a5d328cb/电竞视频.mp4 -vf thumbnail=100:-1 -frames:v 1 /Users/zhaodeng/GolandProjects/Easy-Drive/static/video/user_15e22a5d328cb/电竞视频_thumbnail.png" func=easy-drive/pkg/utils/fileUtil.GenerateThumbnail file="/Users/zhaodeng/GolandProjects/Easy-Drive/pkg/utils/fileUtil/ffmpeg.go:39"
time="2023-06-29 08:43:57" level=info msg="将视频转换为index.ts的命令: /Users/zhaodeng/opt/ffmpeg/ffmpeg -i /Users/zhaodeng/GolandProjects/Easy-Drive/static/video/user_15e22a5d328cb/电竞视频.mp4 -c copy -bsf:v h264_mp4toannexb -f mpegts /Users/zhaodeng/GolandProjects/Easy-Drive/static/video/user_15e22a5d328cb/电竞视频/index.ts" func=easy-drive/pkg/utils/fileUtil.convertVideoToTS file="/Users/zhaodeng/GolandProjects/Easy-Drive/pkg/utils/fileUtil/ffmpeg.go:105"
time="2023-06-29 08:43:57" level=info msg="生成索引文件 index.m3u8 和切片的命令: <nil>" func=easy-drive/pkg/utils/fileUtil.generateHLSFiles file="/Users/zhaodeng/GolandProjects/Easy-Drive/pkg/utils/fileUtil/ffmpeg.go:120"
time="2023-06-29 08:45:13" level=info msg="/Users/zhaodeng/GolandProjects/Easy-Drive/static/video/user_15e22a5d328cb/搞笑视频.mp4" func=easy-drive/pkg/utils/fileUtil.MergeChunks file="/Users/zhaodeng/GolandProjects/Easy-Drive/pkg/utils/fileUtil/upload.go:145"
time="2023-06-29 08:45:13" level=info msg="/Users/zhaodeng/GolandProjects/Easy-Drive/static/temp/user_15e22a5d328cb/搞笑视频.mp4" func=easy-drive/pkg/utils/fileUtil.MergeChunks file="/Users/zhaodeng/GolandProjects/Easy-Drive/pkg/utils/fileUtil/upload.go:157"
time="2023-06-29 08:45:13" level=info msg="文件合并完成: static/video/user_15e22a5d328cb/搞笑视频.mp4" func="easy-drive/service.(*FileService).UploadFileService" file="/Users/zhaodeng/GolandProjects/Easy-Drive/service/file.go:326"
time="2023-06-29 08:45:14" level=info msg="缩略图名称: 搞笑视频_thumbnail.png" func="easy-drive/service.(*FileService).UploadFileService.func1" file="/Users/zhaodeng/GolandProjects/Easy-Drive/service/file.go:370"
time="2023-06-29 08:45:14" level=info msg="执行缩略图的命令: /Users/zhaodeng/opt/ffmpeg/ffmpeg -i /Users/zhaodeng/GolandProjects/Easy-Drive/static/video/user_15e22a5d328cb/搞笑视频.mp4 -vf thumbnail=100:-1 -frames:v 1 /Users/zhaodeng/GolandProjects/Easy-Drive/static/video/user_15e22a5d328cb/搞笑视频_thumbnail.png" func=easy-drive/pkg/utils/fileUtil.GenerateThumbnail file="/Users/zhaodeng/GolandProjects/Easy-Drive/pkg/utils/fileUtil/ffmpeg.go:39"
time="2023-06-29 08:45:14" level=info msg="将视频转换为index.ts的命令: /Users/zhaodeng/opt/ffmpeg/ffmpeg -i /Users/zhaodeng/GolandProjects/Easy-Drive/static/video/user_15e22a5d328cb/搞笑视频.mp4 -c copy -bsf:v h264_mp4toannexb -f mpegts /Users/zhaodeng/GolandProjects/Easy-Drive/static/video/user_15e22a5d328cb/搞笑视频/index.ts" func=easy-drive/pkg/utils/fileUtil.convertVideoToTS file="/Users/zhaodeng/GolandProjects/Easy-Drive/pkg/utils/fileUtil/ffmpeg.go:105"
time="2023-06-29 08:45:14" level=info msg="生成索引文件 index.m3u8 和切片的命令: <nil>" func=easy-drive/pkg/utils/fileUtil.generateHLSFiles file="/Users/zhaodeng/GolandProjects/Easy-Drive/pkg/utils/fileUtil/ffmpeg.go:120"
time="2023-06-29 08:46:46" level=info msg="/Users/zhaodeng/GolandProjects/Easy-Drive/static/video/user_15e22a5d328cb/Drake - FEP 2023 - Full Show 4K.mp4" func=easy-drive/pkg/utils/fileUtil.MergeChunks file="/Users/zhaodeng/GolandProjects/Easy-Drive/pkg/utils/fileUtil/upload.go:145"
time="2023-06-29 08:46:46" level=info msg="/Users/zhaodeng/GolandProjects/Easy-Drive/static/temp/user_15e22a5d328cb/Drake - FEP 2023 - Full Show 4K.mp4" func=easy-drive/pkg/utils/fileUtil.MergeChunks file="/Users/zhaodeng/GolandProjects/Easy-Drive/pkg/utils/fileUtil/upload.go:157"
time="2023-06-29 08:46:50" level=info msg="文件合并完成: static/video/user_15e22a5d328cb/Drake - FEP 2023 - Full Show 4K.mp4" func="easy-drive/service.(*FileService).UploadFileService" file="/Users/zhaodeng/GolandProjects/Easy-Drive/service/file.go:326"
time="2023-06-29 08:46:50" level=info msg="缩略图名称: Drake - FEP 2023 - Full Show 4K_thumbnail.png" func="easy-drive/service.(*FileService).UploadFileService.func1" file="/Users/zhaodeng/GolandProjects/Easy-Drive/service/file.go:370"
time="2023-06-29 08:46:50" level=info msg="执行缩略图的命令: /Users/zhaodeng/opt/ffmpeg/ffmpeg -i /Users/zhaodeng/GolandProjects/Easy-Drive/static/video/user_15e22a5d328cb/Drake - FEP 2023 - Full Show 4K.mp4 -vf thumbnail=100:-1 -frames:v 1 /Users/zhaodeng/GolandProjects/Easy-Drive/static/video/user_15e22a5d328cb/Drake - FEP 2023 - Full Show 4K_thumbnail.png" func=easy-drive/pkg/utils/fileUtil.GenerateThumbnail file="/Users/zhaodeng/GolandProjects/Easy-Drive/pkg/utils/fileUtil/ffmpeg.go:39"
time="2023-06-29 08:46:55" level=info msg="将视频转换为index.ts的命令: /Users/zhaodeng/opt/ffmpeg/ffmpeg -i /Users/zhaodeng/GolandProjects/Easy-Drive/static/video/user_15e22a5d328cb/Drake - FEP 2023 - Full Show 4K.mp4 -c copy -bsf:v h264_mp4toannexb -f mpegts /Users/zhaodeng/GolandProjects/Easy-Drive/static/video/user_15e22a5d328cb/Drake - FEP 2023 - Full Show 4K/index.ts" func=easy-drive/pkg/utils/fileUtil.convertVideoToTS file="/Users/zhaodeng/GolandProjects/Easy-Drive/pkg/utils/fileUtil/ffmpeg.go:105"
time="2023-06-29 08:46:59" level=info msg="生成索引文件 index.m3u8 和切片的命令: <nil>" func=easy-drive/pkg/utils/fileUtil.generateHLSFiles file="/Users/zhaodeng/GolandProjects/Easy-Drive/pkg/utils/fileUtil/ffmpeg.go:120"
